#
# There is insufficient memory for the Java Runtime Environment to continue.
# Native memory allocation (mmap) failed to map 2031616 bytes for G1 virtual space
# Possible reasons:
#   The system is out of physical RAM or swap space
#   The process is running with CompressedOops enabled, and the Java Heap may be blocking the growth of the native heap
# Possible solutions:
#   Reduce memory load on the system
#   Increase physical memory or swap space
#   Check if swap backing store is full
#   Decrease Java heap size (-Xmx/-Xms)
#   Decrease number of Java threads
#   Decrease Java thread stack sizes (-Xss)
#   Set larger code cache with -XX:ReservedCodeCacheSize=
#   JVM is running with Unscaled Compressed Oops mode in which the Java heap is
#     placed in the first 4GB address space. The Java Heap base address is the
#     maximum limit for the native heap growth. Please use -XX:HeapBaseMinAddress
#     to set the Java Heap base and to place the Java Heap above 4GB virtual address.
# This output file may be truncated or incomplete.
#
#  Out of Memory Error (os_windows.cpp:3541), pid=20416, tid=8144
#
# JRE version:  (17.0.4+8) (build )
# Java VM: OpenJDK 64-Bit Server VM (17.0.4+8, mixed mode, sharing, tiered, compressed oops, compressed class ptrs, g1 gc, windows-amd64)
# No core dump will be written. Minidumps are not enabled by default on client versions of Windows
#

---------------  S U M M A R Y ------------

Command Line: -Dfile.encoding=UTF-8 -XX:+ShowCodeDetailsInExceptionMessages scrollBar.Test1

Host: 11th Gen Intel(R) Core(TM) i5-1135G7 @ 2.40GHz, 8 cores, 7G,  Windows 11 , 64 bit Build 22000 (10.0.22000.1219)
Time: Mon Dec 12 07:47:31 2022 India Standard Time elapsed time: 0.010763 seconds (0d 0h 0m 0s)

---------------  T H R E A D  ---------------

Current thread (0x000001451aa2cf80):  JavaThread "Unknown thread" [_thread_in_vm, id=8144, stack(0x0000003029f00000,0x000000302a000000)]

Stack: [0x0000003029f00000,0x000000302a000000]
Native frames: (J=compiled Java code, j=interpreted, Vv=VM code, C=native code)
V  [jvm.dll+0x67733a]
V  [jvm.dll+0x8323c4]
V  [jvm.dll+0x833b6e]
V  [jvm.dll+0x8341d3]
V  [jvm.dll+0x2455e5]
V  [jvm.dll+0x674229]
V  [jvm.dll+0x668ab2]
V  [jvm.dll+0x30458b]
V  [jvm.dll+0x30bad6]
V  [jvm.dll+0x35ba93]
V  [jvm.dll+0x35bcaf]
V  [jvm.dll+0x2db428]
V  [jvm.dll+0x2dc394]
V  [jvm.dll+0x803ef1]
V  [jvm.dll+0x3698d1]
V  [jvm.dll+0x7e320c]
V  [jvm.dll+0x3ec23f]
V  [jvm.dll+0x3eddc1]
C  [jli.dll+0x5277]
C  [ucrtbase.dll+0x26c0c]
C  [KERNEL32.DLL+0x15550]
C  [ntdll.dll+0x485b]


---------------  P R O C E S S  ---------------

Threads class SMR info:
_java_thread_list=0x00007ffceb7a4e98, length=0, elements={
}

Java Threads: ( => current thread )

Other Threads:
  0x000001451aa88c30 GCTaskThread "GC Thread#0" [stack: 0x000000302a000000,0x000000302a100000] [id=24056]
  0x000001451aa99af0 ConcurrentGCThread "G1 Main Marker" [stack: 0x000000302a100000,0x000000302a200000] [id=14108]
  0x000001451aa9a500 ConcurrentGCThread "G1 Conc#0" [stack: 0x000000302a200000,0x000000302a300000] [id=19944]

[error occurred during error reporting (printing all threads), id 0xc0000005, EXCEPTION_ACCESS_VIOLATION (0xc0000005) at pc=0x00007ffceaf7beb7]

VM state: not at safepoint (not fully initialized)

VM Mutex/Monitor currently owned by a thread:  ([mutex/lock_event])
[0x000001451aa2a540] Heap_lock - owner thread: 0x000001451aa2cf80

Heap address: 0x0000000084c00000, size: 1972 MB, Compressed Oops mode: 32-bit

CDS archive(s) mapped at: [0x0000000000000000-0x0000000000000000-0x0000000000000000), size 0, SharedBaseAddress: 0x0000000800000000, ArchiveRelocationMode: 0.
Narrow klass base: 0x0000000000000000, Narrow klass shift: 0, Narrow klass range: 0x0

GC Precious Log:
<Empty>

Heap:
 garbage-first heap   total 0K, used 0K [0x0000000084c00000, 0x0000000100000000)
  region size 1024K, 0 young (0K), 0 survivors (0K)

[error occurred during error reporting (printing heap information), id 0xc0000005, EXCEPTION_ACCESS_VIOLATION (0xc0000005) at pc=0x00007ffceb3606b9]

GC Heap History (0 events):
No events

Deoptimization events (0 events):
No events

Classes unloaded (0 events):
No events

Classes redefined (0 events):
No events

Internal exceptions (0 events):
No events

VM Operations (0 events):
No events

Events (1 events):
Event: 0.006 Loaded shared library C:\Users\Bharanilikith\.p2\pool\plugins\org.eclipse.justj.openjdk.hotspot.jre.full.win32.x86_64_17.0.4.v20220805-1047\jre\bin\java.dll


Dynamic libraries:
0x00007ff66eb00000 - 0x00007ff66eb0e000 	C:\Users\Bharanilikith\.p2\pool\plugins\org.eclipse.justj.openjdk.hotspot.jre.full.win32.x86_64_17.0.4.v20220805-1047\jre\bin\javaw.exe
0x00007ffd6c360000 - 0x00007ffd6c569000 	C:\WINDOWS\SYSTEM32\ntdll.dll
0x00007ffd6b0c0000 - 0x00007ffd6b17e000 	C:\WINDOWS\System32\KERNEL32.DLL
0x00007ffd698f0000 - 0x00007ffd69c6b000 	C:\WINDOWS\System32\KERNELBASE.dll
0x00007ffd69ca0000 - 0x00007ffd69db1000 	C:\WINDOWS\System32\ucrtbase.dll
0x00007ffd51520000 - 0x00007ffd51539000 	C:\Users\Bharanilikith\.p2\pool\plugins\org.eclipse.justj.openjdk.hotspot.jre.full.win32.x86_64_17.0.4.v20220805-1047\jre\bin\VCRUNTIME140.dll
0x00007ffd571c0000 - 0x00007ffd571d8000 	C:\Users\Bharanilikith\.p2\pool\plugins\org.eclipse.justj.openjdk.hotspot.jre.full.win32.x86_64_17.0.4.v20220805-1047\jre\bin\jli.dll
0x00007ffd6b230000 - 0x00007ffd6b3dd000 	C:\WINDOWS\System32\USER32.dll
0x00007ffd69c70000 - 0x00007ffd69c96000 	C:\WINDOWS\System32\win32u.dll
0x00007ffd51b70000 - 0x00007ffd51e15000 	C:\WINDOWS\WinSxS\amd64_microsoft.windows.common-controls_6595b64144ccf1df_6.0.22000.120_none_9d947278b86cc467\COMCTL32.dll
0x00007ffd6b180000 - 0x00007ffd6b223000 	C:\WINDOWS\System32\msvcrt.dll
0x00007ffd6b560000 - 0x00007ffd6b589000 	C:\WINDOWS\System32\GDI32.dll
0x00007ffd6a040000 - 0x00007ffd6a158000 	C:\WINDOWS\System32\gdi32full.dll
0x00007ffd69f30000 - 0x00007ffd69fcd000 	C:\WINDOWS\System32\msvcp_win.dll
0x00007ffd6b3e0000 - 0x00007ffd6b412000 	C:\WINDOWS\System32\IMM32.DLL
0x00007ffd62b30000 - 0x00007ffd62b3c000 	C:\Users\Bharanilikith\.p2\pool\plugins\org.eclipse.justj.openjdk.hotspot.jre.full.win32.x86_64_17.0.4.v20220805-1047\jre\bin\vcruntime140_1.dll
0x00007ffd2ee20000 - 0x00007ffd2eeb1000 	C:\Users\Bharanilikith\.p2\pool\plugins\org.eclipse.justj.openjdk.hotspot.jre.full.win32.x86_64_17.0.4.v20220805-1047\jre\bin\msvcp140.dll
0x00007ffceac90000 - 0x00007ffceb8d6000 	C:\Users\Bharanilikith\.p2\pool\plugins\org.eclipse.justj.openjdk.hotspot.jre.full.win32.x86_64_17.0.4.v20220805-1047\jre\bin\server\jvm.dll
0x00007ffd6b420000 - 0x00007ffd6b4ce000 	C:\WINDOWS\System32\ADVAPI32.dll
0x00007ffd6b010000 - 0x00007ffd6b0ae000 	C:\WINDOWS\System32\sechost.dll
0x00007ffd6a4f0000 - 0x00007ffd6a610000 	C:\WINDOWS\System32\RPCRT4.dll
0x00007ffd6bed0000 - 0x00007ffd6bed8000 	C:\WINDOWS\System32\PSAPI.DLL
0x00007ffd639b0000 - 0x00007ffd639e3000 	C:\WINDOWS\SYSTEM32\WINMM.dll
0x00007ffd3c000000 - 0x00007ffd3c009000 	C:\WINDOWS\SYSTEM32\WSOCK32.dll
0x00007ffd6b680000 - 0x00007ffd6b6ef000 	C:\WINDOWS\System32\WS2_32.dll
0x00007ffd61f10000 - 0x00007ffd61f1a000 	C:\WINDOWS\SYSTEM32\VERSION.dll
0x00007ffd689a0000 - 0x00007ffd689b8000 	C:\WINDOWS\SYSTEM32\kernel.appcore.dll
0x00007ffd580e0000 - 0x00007ffd580ea000 	C:\Users\Bharanilikith\.p2\pool\plugins\org.eclipse.justj.openjdk.hotspot.jre.full.win32.x86_64_17.0.4.v20220805-1047\jre\bin\jimage.dll
0x00007ffd671e0000 - 0x00007ffd67401000 	C:\WINDOWS\SYSTEM32\DBGHELP.DLL
0x00007ffd59780000 - 0x00007ffd597b1000 	C:\WINDOWS\SYSTEM32\dbgcore.DLL
0x00007ffd6a160000 - 0x00007ffd6a1df000 	C:\WINDOWS\System32\bcryptPrimitives.dll
0x00007ffd56910000 - 0x00007ffd56935000 	C:\Users\Bharanilikith\.p2\pool\plugins\org.eclipse.justj.openjdk.hotspot.jre.full.win32.x86_64_17.0.4.v20220805-1047\jre\bin\java.dll

dbghelp: loaded successfully - version: 4.0.5 - missing functions: none
symbol engine: initialized successfully - sym options: 0x614 - pdb path: .;C:\Users\Bharanilikith\.p2\pool\plugins\org.eclipse.justj.openjdk.hotspot.jre.full.win32.x86_64_17.0.4.v20220805-1047\jre\bin;C:\WINDOWS\SYSTEM32;C:\WINDOWS\WinSxS\amd64_microsoft.windows.common-controls_6595b64144ccf1df_6.0.22000.120_none_9d947278b86cc467;C:\Users\Bharanilikith\.p2\pool\plugins\org.eclipse.justj.openjdk.hotspot.jre.full.win32.x86_64_17.0.4.v20220805-1047\jre\bin\server

VM Arguments:
jvm_args: -Dfile.encoding=UTF-8 -XX:+ShowCodeDetailsInExceptionMessages 
java_command: scrollBar.Test1
java_class_path (initial): C:\Users\Bharanilikith\eclipse-workspace\SeleniumAutomation1\bin;C:\Users\Bharanilikith\eclipse-workspace\SeleniumAutomation1\selenium-server-4.6.0.jar
Launcher Type: SUN_STANDARD

[Global flags]
     intx CICompilerCount                          = 4                                         {product} {ergonomic}
     uint ConcGCThreads                            = 2                                         {product} {ergonomic}
     uint G1ConcRefinementThreads                  = 8                                         {product} {ergonomic}
   size_t G1HeapRegionSize                         = 1048576                                   {product} {ergonomic}
    uintx GCDrainStackTargetSize                   = 64                                        {product} {ergonomic}
   size_t InitialHeapSize                          = 130023424                                 {product} {ergonomic}
   size_t MarkStackSize                            = 4194304                                   {product} {ergonomic}
   size_t MaxHeapSize                              = 2067791872                                {product} {ergonomic}
   size_t MinHeapDeltaBytes                        = 1048576                                   {product} {ergonomic}
   size_t MinHeapSize                              = 8388608                                   {product} {ergonomic}
    uintx NonNMethodCodeHeapSize                   = 5839372                                {pd product} {ergonomic}
    uintx NonProfiledCodeHeapSize                  = 122909434                              {pd product} {ergonomic}
    uintx ProfiledCodeHeapSize                     = 122909434                              {pd product} {ergonomic}
    uintx ReservedCodeCacheSize                    = 251658240                              {pd product} {ergonomic}
     bool SegmentedCodeCache                       = true                                      {product} {ergonomic}
     bool ShowCodeDetailsInExceptionMessages       = true                                   {manageable} {command line}
   size_t SoftMaxHeapSize                          = 2067791872                             {manageable} {ergonomic}
     bool UseCompressedClassPointers               = true                           {product lp64_product} {ergonomic}
     bool UseCompressedOops                        = true                           {product lp64_product} {ergonomic}
     bool UseG1GC                                  = true                                      {product} {ergonomic}
     bool UseLargePagesIndividualAllocation        = false                                  {pd product} {ergonomic}

Logging:
Log output configuration:
 #0: stdout all=warning uptime,level,tags
 #1: stderr all=off uptime,level,tags

Environment Variables:
JAVA_HOME=C:\Program Files\Java\jdk1.8.0_202
PATH=C:/Users/Bharanilikith/.p2/pool/plugins/org.eclipse.justj.openjdk.hotspot.jre.full.win32.x86_64_17.0.4.v20220903-1038/jre/bin/server;C:/Users/Bharanilikith/.p2/pool/plugins/org.eclipse.justj.openjdk.hotspot.jre.full.win32.x86_64_17.0.4.v20220903-1038/jre/bin;C:\Program Files (x86)\Common Files\Oracle\Java\javapath;D:\oracle\product\10.2.0\db_1\bin;C:\Windows\system32;C:\Windows;C:\Windows\System32\Wbem;C:\Windows\System32\WindowsPowerShell\v1.0\;C:\Windows\System32\OpenSSH\;C:\WINDOWS\system32;C:\WINDOWS;C:\WINDOWS\System32\Wbem;C:\WINDOWS\System32\WindowsPowerShell\v1.0\;C:\WINDOWS\System32\OpenSSH\;C:\Program Files\Git\cmd;C:\Program Files\apache-maven-3.8.6\bin;C:\Program Files\Java\jdk1.8.0_202\bin;C:\Users\Bharanilikith\Desktop\node;C:\Program Files\Microsoft SQL Server\Client SDK\ODBC\170\Tools\Binn\;C:\Program Files (x86)\Microsoft SQL Server\150\Tools\Binn\;C:\Program Files\Microsoft SQL Server\150\Tools\Binn\;C:\Program Files\Microsoft SQL Server\150\DTS\Binn\;C:\Users\Bharanilikith\AppData\Local\Microsoft\WindowsApps;;C:\WINDOWS\System32;
USERNAME=Bharanilikith
OS=Windows_NT
PROCESSOR_IDENTIFIER=Intel64 Family 6 Model 140 Stepping 1, GenuineIntel
TMP=C:\Users\BHARAN~1\AppData\Local\Temp
TEMP=C:\Users\BHARAN~1\AppData\Local\Temp



---------------  S Y S T E M  ---------------

OS:
 Windows 11 , 64 bit Build 22000 (10.0.22000.1219)
OS uptime: 10 days 19:58 hours

CPU: total 8 (initial active 8) (4 cores per cpu, 2 threads per core) family 6 model 140 stepping 1 microcode 0x86, cx8, cmov, fxsr, ht, mmx, 3dnowpref, sse, sse2, sse3, ssse3, sse4.1, sse4.2, popcnt, lzcnt, tsc, tscinvbit, avx, avx2, aes, erms, clmul, bmi1, bmi2, adx, avx512f, avx512dq, avx512cd, avx512bw, avx512vl, sha, fma, vzeroupper, avx512_vpopcntdq, avx512_vpclmulqdq, avx512_vaes, avx512_vnni, clflush, clflushopt, clwb, avx512_vbmi2, avx512_vbmi

Memory: 4k page, system-wide physical 7886M (844M free)
TotalPageFile size 17792M (AvailPageFile size 6M)
current process WorkingSet (physical memory assigned to process): 10M, peak: 10M
current process commit charge ("private bytes"): 184M, peak: 186M

vm_info: OpenJDK 64-Bit Server VM (17.0.4+8) for windows-amd64 JRE (17.0.4+8), built on Jul 19 2022 16:05:16 by "temurin" with MS VC++ 16.7 (VS2019)

END.
